<?xml version="1.0" encoding="UTF-8"?>
<!-- Generated by org.testng.reporters.JUnitXMLReporter -->
<testsuite ignored="0" hostname="Smita" failures="0" tests="2" name="Default test" time="0.648" errors="0" timestamp="2022-11-29T22:48:01 CET">
  <testcase classname="com.testingproject.qa.testcases.AutomationPageTest" name="homePageTitleTest" time="0.116"/>
  <testcase classname="com.testingproject.qa.testcases.AutomationPageTest" name="Submitclick" time="0.0">
    <skipped/>
  </testcase> <!-- Submitclick -->
</testsuite> <!-- Default test -->
