<?xml version="1.0" encoding="UTF-8"?>
<!-- Generated by org.testng.reporters.JUnitXMLReporter -->
<testsuite ignored="0" hostname="Smita" failures="0" tests="2" name="Test" time="0.579" errors="0" timestamp="2022-11-29T22:42:31 CET">
  <testcase classname="com.testingproject.qa.testcases.AutomationPageTest" name="homePageTitleTest" time="0.06"/>
  <testcase classname="com.testingproject.qa.testcases.AutomationPageTest" name="Submitclick" time="0.0">
    <skipped/>
  </testcase> <!-- Submitclick -->
</testsuite> <!-- Test -->
